<?xml version="1.0" encoding="UTF-8"?>
<!-- Generated by org.testng.reporters.JUnitReportReporter -->
<testsuite hostname="DESKTOP-A62HQ47" failures="0" tests="1" name="TestJava" time="0.014" errors="0" timestamp="2021-12-09T16:25:57 IST" skipped="0">
  <testcase classname="TestJava" name="test" time="0.014"/>
  <system-out/>
</testsuite> <!-- TestJava -->
