<?xml version="1.0" encoding="UTF-8"?>
<!-- Generated by org.testng.reporters.JUnitReportReporter -->
<testsuite hostname="DESKTOP-A62HQ47" failures="0" tests="1" name="SDETPractice.SampleTest" time="0.017" errors="0" timestamp="2021-12-09T14:02:03 IST" skipped="0">
  <testcase classname="SDETPractice.SampleTest" name="test" time="0.017"/>
  <system-out/>
</testsuite> <!-- SDETPractice.SampleTest -->
